[0.014s] Invoking command in '/home/roxy/2025_ros2/KanNon0618/build/can_converter': AMENT_PREFIX_PATH=/home/roxy/2025_ros2/KanNon0618/install/can_packet:${AMENT_PREFIX_PATH} CMAKE_PREFIX_PATH=/home/roxy/2025_ros2/KanNon0618/install/can_packet:/opt/ros/humble LD_LIBRARY_PATH=/home/roxy/2025_ros2/KanNon0618/install/can_packet/lib:${LD_LIBRARY_PATH} PYTHONPATH=/home/roxy/2025_ros2/KanNon0618/install/can_packet/local/lib/python3.10/dist-packages:${PYTHONPATH} /opt/st/stm32cubeclt_1.17.0/CMake/bin/cmake --build /home/roxy/2025_ros2/KanNon0618/build/can_converter -- -j16 -l16
[0.048s] [ 25%] Built target can_to_pub_node
[0.049s] [ 50%] Built target sub_to_can_node
[0.062s] [ 62%] [32mBuilding CXX object CMakeFiles/usb_to_pub_node.dir/src/usb_to_pub.cpp.o[0m
[0.070s] [ 75%] [32mBuilding CXX object CMakeFiles/sub_to_usb_node.dir/src/sub_to_usb.cpp.o[0m
[3.384s] [01m[K/home/roxy/2025_ros2/KanNon0618/ver0/can_converter/src/sub_to_usb.cpp:[m[K In lambda function:
[3.384s] [01m[K/home/roxy/2025_ros2/KanNon0618/ver0/can_converter/src/sub_to_usb.cpp:31:65:[m[K [01;35m[Kwarning: [m[Kunused parameter â€˜[01m[Klength[m[Kâ€™ [[01;35m[K]8;;https://gcc.gnu.org/onlinedocs/gcc/Warning-Options.html#index-Wunused-parameter-Wunused-parameter]8;;[m[K]
[3.384s]    31 |             [](const boost::system::error_code &ec, [01;35m[Kstd::size_t length[m[K) {
[3.384s]       |                                                     [01;35m[K~~~~~~~~~~~~^~~~~~[m[K
[3.400s] [01m[K/home/roxy/2025_ros2/KanNon0618/ver0/can_converter/src/sub_to_usb.cpp:[m[K In lambda function:
[3.401s] [01m[K/home/roxy/2025_ros2/KanNon0618/ver0/can_converter/src/sub_to_usb.cpp:79:65:[m[K [01;35m[Kwarning: [m[Kunused parameter â€˜[01m[Klength[m[Kâ€™ [[01;35m[K]8;;https://gcc.gnu.org/onlinedocs/gcc/Warning-Options.html#index-Wunused-parameter-Wunused-parameter]8;;[m[K]
[3.401s]    79 |             [](const boost::system::error_code &ec, [01;35m[Kstd::size_t length[m[K) {
[3.401s]       |                                                     [01;35m[K~~~~~~~~~~~~^~~~~~[m[K
[3.410s] In file included from [01m[K/opt/ros/humble/include/rclcpp/rclcpp/logging.hpp:24[m[K,
[3.410s]                  from [01m[K/opt/ros/humble/include/rclcpp/rclcpp/client.hpp:40[m[K,
[3.410s]                  from [01m[K/opt/ros/humble/include/rclcpp/rclcpp/callback_group.hpp:24[m[K,
[3.410s]                  from [01m[K/opt/ros/humble/include/rclcpp/rclcpp/any_executable.hpp:20[m[K,
[3.410s]                  from [01m[K/opt/ros/humble/include/rclcpp/rclcpp/memory_strategy.hpp:25[m[K,
[3.410s]                  from [01m[K/opt/ros/humble/include/rclcpp/rclcpp/memory_strategies.hpp:18[m[K,
[3.410s]                  from [01m[K/opt/ros/humble/include/rclcpp/rclcpp/executor_options.hpp:20[m[K,
[3.410s]                  from [01m[K/opt/ros/humble/include/rclcpp/rclcpp/executor.hpp:37[m[K,
[3.410s]                  from [01m[K/opt/ros/humble/include/rclcpp/rclcpp/executors/multi_threaded_executor.hpp:25[m[K,
[3.410s]                  from [01m[K/opt/ros/humble/include/rclcpp/rclcpp/executors.hpp:21[m[K,
[3.410s]                  from [01m[K/opt/ros/humble/include/rclcpp/rclcpp/rclcpp.hpp:155[m[K,
[3.410s]                  from [01m[K/home/roxy/2025_ros2/KanNon0618/ver0/can_converter/src/sub_to_usb.cpp:1[m[K:
[3.411s] [01m[K/home/roxy/2025_ros2/KanNon0618/ver0/can_converter/src/sub_to_usb.cpp:[m[K In constructor â€˜[01m[Ksub_to_usb::sub_to_usb(const string&)[m[Kâ€™:
[3.411s] [01m[K/home/roxy/2025_ros2/KanNon0618/ver0/can_converter/src/sub_to_usb.cpp:86:71:[m[K [01;31m[Kerror: [m[Kâ€˜[01m[Krx_packet[m[Kâ€™ was not declared in this scope; did you mean â€˜[01m[Krxpacket[m[Kâ€™?
[3.411s]    86 |                 RCLCPP_INFO(this -> get_logger(), "usb send id : %x", [01;31m[Krx_packet[m[K -> id);
[3.411s]       |                                                                       [01;31m[K^~~~~~~~~[m[K
[5.961s] gmake[2]: *** [CMakeFiles/sub_to_usb_node.dir/build.make:76: CMakeFiles/sub_to_usb_node.dir/src/sub_to_usb.cpp.o] Error 1
[5.961s] gmake[1]: *** [CMakeFiles/Makefile2:195: CMakeFiles/sub_to_usb_node.dir/all] Error 2
[5.961s] gmake[1]: *** Waiting for unfinished jobs....
[6.563s] [ 87%] [32m[1mLinking CXX executable usb_to_pub_node[0m
[6.798s] [ 87%] Built target usb_to_pub_node
[6.799s] gmake: *** [Makefile:146: all] Error 2
[6.800s] Invoked command in '/home/roxy/2025_ros2/KanNon0618/build/can_converter' returned '2': AMENT_PREFIX_PATH=/home/roxy/2025_ros2/KanNon0618/install/can_packet:${AMENT_PREFIX_PATH} CMAKE_PREFIX_PATH=/home/roxy/2025_ros2/KanNon0618/install/can_packet:/opt/ros/humble LD_LIBRARY_PATH=/home/roxy/2025_ros2/KanNon0618/install/can_packet/lib:${LD_LIBRARY_PATH} PYTHONPATH=/home/roxy/2025_ros2/KanNon0618/install/can_packet/local/lib/python3.10/dist-packages:${PYTHONPATH} /opt/st/stm32cubeclt_1.17.0/CMake/bin/cmake --build /home/roxy/2025_ros2/KanNon0618/build/can_converter -- -j16 -l16
